build/app/intermediates/manifest_merge_blame_file/debug/manifest-merger-blame-debug-report.txt
1<?xml version="1.0" encoding="utf-8"?>
2<manifest xmlns:android="http://schemas.android.com/apk/res/android"
3    package="com.agent.ppc"
4    android:versionCode="1"
5    android:versionName="1.0.0" >
6
7    <uses-sdk
8        android:minSdkVersion="16"
9        android:targetSdkVersion="28" />
10    <!--
11         Flutter needs it to communicate with the running application
12         to allow setting breakpoints, to provide hot reload, etc.
13    -->
14    <uses-permission android:name="android.permission.INTERNET" />
14-->src\main\AndroidManifest.xml:3:5-66
14-->src\main\AndroidManifest.xml:3:22-64
15    <uses-permission android:name="android.permission.VIBRATE" />
15-->src\main\AndroidManifest.xml:4:5-66
15-->src\main\AndroidManifest.xml:4:22-63
16    <uses-permission android:name="android.permission.ACCESS_COARSE_LOCATION" />
16-->src\main\AndroidManifest.xml:5:5-81
16-->src\main\AndroidManifest.xml:5:22-78
17    <uses-permission android:name="android.permission.ACCESS_MEDIA_LOCATION" />
17-->src\main\AndroidManifest.xml:6:5-80
17-->src\main\AndroidManifest.xml:6:22-77
18    <uses-permission android:name="android.permission.ACCESS_FINE_LOCATION" />
18-->src\main\AndroidManifest.xml:7:5-79
18-->src\main\AndroidManifest.xml:7:22-76
19    <uses-permission android:name="android.permission.ACCESS_BACKGROUND_LOCATION" />
19-->src\main\AndroidManifest.xml:8:5-85
19-->src\main\AndroidManifest.xml:8:22-82
20    <uses-permission android:name="android.permission.CAMERA" />
20-->src\main\AndroidManifest.xml:10:5-65
20-->src\main\AndroidManifest.xml:10:22-62
21    <uses-permission android:name="android.permission.CHANGE_NETWORK_STATE" />
21-->src\main\AndroidManifest.xml:11:5-79
21-->src\main\AndroidManifest.xml:11:22-76
22    <uses-permission android:name="android.permission.CHANGE_CONFIGURATION" />
22-->src\main\AndroidManifest.xml:12:5-79
22-->src\main\AndroidManifest.xml:12:22-76
23    <uses-permission android:name="android.permission.READ_PHONE_STATE" />
23-->src\main\AndroidManifest.xml:13:5-75
23-->src\main\AndroidManifest.xml:13:22-72
24    <uses-permission android:name="android.permission.SMS_FINANCIAL_TRANSACTIONS" />
24-->src\main\AndroidManifest.xml:14:5-85
24-->src\main\AndroidManifest.xml:14:22-82
25    <uses-permission android:name="android.permission.READ_EXTERNAL_STORAGE" />
25-->[:image_picker] AndroidManifest.xml:7:5-80
25-->[:image_picker] AndroidManifest.xml:7:22-77
26    <uses-permission android:name="android.permission.WRITE_EXTERNAL_STORAGE" /> <!-- Include required permissions for Google Maps API to run. -->
26-->[:image_picker] AndroidManifest.xml:8:5-81
26-->[:image_picker] AndroidManifest.xml:8:22-78
27    <uses-permission android:name="android.permission.ACCESS_NETWORK_STATE" />
27-->[com.google.android.gms:play-services-maps:17.0.0] AndroidManifest.xml:23:5-79
27-->[com.google.android.gms:play-services-maps:17.0.0] AndroidManifest.xml:23:22-76
28
29    <uses-feature
29-->[com.google.android.gms:play-services-maps:17.0.0] AndroidManifest.xml:26:5-28:35
30        android:glEsVersion="0x00020000"
30-->[com.google.android.gms:play-services-maps:17.0.0] AndroidManifest.xml:27:9-41
31        android:required="true" />
31-->[com.google.android.gms:play-services-maps:17.0.0] AndroidManifest.xml:28:9-32
32
33    <application
33-->src\main\AndroidManifest.xml:15:5-58:19
34        android:name="io.flutter.app.FlutterApplication"
34-->src\main\AndroidManifest.xml:16:9-57
35        android:appComponentFactory="androidx.core.app.CoreComponentFactory"
35-->[androidx.core:core:1.2.0] AndroidManifest.xml:24:18-86
36        android:debuggable="true"
37        android:icon="@mipmap/ic_launcher"
37-->src\main\AndroidManifest.xml:19:9-43
38        android:label="PPC AGENT"
38-->src\main\AndroidManifest.xml:17:9-34
39        android:usesCleartextTraffic="true" >
39-->src\main\AndroidManifest.xml:18:11-46
40        <meta-data
40-->src\main\AndroidManifest.xml:20:9-21:45
41            android:name="com.google.android.geo.API_KEY"
41-->src\main\AndroidManifest.xml:20:20-65
42            android:value="GOOGLE API KEY" />
42-->src\main\AndroidManifest.xml:21:13-43
43
44        <activity
44-->src\main\AndroidManifest.xml:22:9-52:20
45            android:name="com.agent.ppc.MainActivity"
45-->src\main\AndroidManifest.xml:23:13-41
46            android:configChanges="orientation|keyboardHidden|keyboard|screenSize|smallestScreenSize|locale|layoutDirection|fontScale|screenLayout|density|uiMode"
46-->src\main\AndroidManifest.xml:26:13-163
47            android:hardwareAccelerated="true"
47-->src\main\AndroidManifest.xml:27:13-47
48            android:launchMode="singleTop"
48-->src\main\AndroidManifest.xml:24:13-43
49            android:theme="@style/LaunchTheme"
49-->src\main\AndroidManifest.xml:25:13-47
50            android:windowSoftInputMode="adjustResize" >
50-->src\main\AndroidManifest.xml:28:13-55
51
52            <!--
53                 Specifies an Android theme to apply to this Activity as soon as
54                 the Android process has started. This theme is visible to the user
55                 while the Flutter UI initializes. After that, this theme continues
56                 to determine the Window background behind the Flutter UI.
57            -->
58            <meta-data
58-->src\main\AndroidManifest.xml:33:13-36:17
59                android:name="io.flutter.embedding.android.NormalTheme"
59-->src\main\AndroidManifest.xml:34:15-70
60                android:resource="@style/NormalTheme" />
60-->src\main\AndroidManifest.xml:35:15-52
61            <meta-data
61-->src\main\AndroidManifest.xml:37:13-114
62                android:name="io.flutter.network-policy"
62-->src\main\AndroidManifest.xml:37:24-64
63                android:resource="@xml/network_security_config" />
63-->src\main\AndroidManifest.xml:37:65-112
64
65            <!--
66                 Displays an Android View that continues showing the launch screen
67                 Drawable until Flutter paints its first frame, then this splash
68                 screen fades out. A splash screen is useful to avoid any visual
69                 gap between the end of Android's launch screen and the painting of
70                 Flutter's first frame.
71            -->
72            <meta-data
72-->src\main\AndroidManifest.xml:44:13-47:17
73                android:name="io.flutter.embedding.android.SplashScreenDrawable"
73-->src\main\AndroidManifest.xml:45:15-79
74                android:resource="@drawable/launch_background" />
74-->src\main\AndroidManifest.xml:46:15-61
75
76            <intent-filter>
76-->src\main\AndroidManifest.xml:48:13-51:29
77                <action android:name="android.intent.action.MAIN" />
77-->src\main\AndroidManifest.xml:49:17-68
77-->src\main\AndroidManifest.xml:49:25-66
78
79                <category android:name="android.intent.category.LAUNCHER" />
79-->src\main\AndroidManifest.xml:50:17-76
79-->src\main\AndroidManifest.xml:50:27-74
80            </intent-filter>
81        </activity>
82        <!--
83             Don't delete the meta-data below.
84             This is used by the Flutter tool to generate GeneratedPluginRegistrant.java
85        -->
86        <meta-data
86-->src\main\AndroidManifest.xml:55:9-57:33
87            android:name="flutterEmbedding"
87-->src\main\AndroidManifest.xml:56:13-44
88            android:value="2" />
88-->src\main\AndroidManifest.xml:57:13-30
89
90        <provider
90-->[:image_picker] AndroidManifest.xml:11:9-19:20
91            android:name="io.flutter.plugins.imagepicker.ImagePickerFileProvider"
91-->[:image_picker] AndroidManifest.xml:12:13-82
92            android:authorities="com.agent.ppc.flutter.image_provider"
92-->[:image_picker] AndroidManifest.xml:13:13-74
93            android:exported="false"
93-->[:image_picker] AndroidManifest.xml:14:13-37
94            android:grantUriPermissions="true" >
94-->[:image_picker] AndroidManifest.xml:15:13-47
95            <meta-data
95-->[:image_picker] AndroidManifest.xml:16:13-18:75
96                android:name="android.support.FILE_PROVIDER_PATHS"
96-->[:image_picker] AndroidManifest.xml:17:17-67
97                android:resource="@xml/flutter_image_picker_file_paths" />
97-->[:image_picker] AndroidManifest.xml:18:17-72
98        </provider>
99
100        <activity
100-->[:url_launcher] AndroidManifest.xml:8:9-11:74
101            android:name="io.flutter.plugins.urllauncher.WebViewActivity"
101-->[:url_launcher] AndroidManifest.xml:9:13-74
102            android:exported="false"
102-->[:url_launcher] AndroidManifest.xml:10:13-37
103            android:theme="@android:style/Theme.NoTitleBar.Fullscreen" /> <!-- Needs to be explicitly declared on P+ -->
103-->[:url_launcher] AndroidManifest.xml:11:13-71
104        <uses-library
104-->[com.google.android.gms:play-services-maps:17.0.0] AndroidManifest.xml:33:9-35:40
105            android:name="org.apache.http.legacy"
105-->[com.google.android.gms:play-services-maps:17.0.0] AndroidManifest.xml:34:13-50
106            android:required="false" />
106-->[com.google.android.gms:play-services-maps:17.0.0] AndroidManifest.xml:35:13-37
107
108        <activity
108-->[com.google.android.gms:play-services-base:17.2.1] AndroidManifest.xml:23:9-26:75
109            android:name="com.google.android.gms.common.api.GoogleApiActivity"
109-->[com.google.android.gms:play-services-base:17.2.1] AndroidManifest.xml:24:13-79
110            android:exported="false"
110-->[com.google.android.gms:play-services-base:17.2.1] AndroidManifest.xml:25:13-37
111            android:theme="@android:style/Theme.Translucent.NoTitleBar" />
111-->[com.google.android.gms:play-services-base:17.2.1] AndroidManifest.xml:26:13-72
112
113        <meta-data
113-->[com.google.android.gms:play-services-basement:17.2.1] AndroidManifest.xml:23:9-25:69
114            android:name="com.google.android.gms.version"
114-->[com.google.android.gms:play-services-basement:17.2.1] AndroidManifest.xml:24:13-58
115            android:value="@integer/google_play_services_version" />
115-->[com.google.android.gms:play-services-basement:17.2.1] AndroidManifest.xml:25:13-66
116    </application>
117
118</manifest>